<?xml version="1.0" encoding="UTF-8"?>
<testng-results skipped="0" failed="0" ignored="0" total="3" passed="3">
  <reporter-output>
  </reporter-output>
  <suite name="Default suite" duration-ms="47495" started-at="2020-06-24T01:02:43 CDT" finished-at="2020-06-24T01:03:31 CDT">
    <groups>
    </groups>
    <test name="Default test" duration-ms="47495" started-at="2020-06-24T01:02:43 CDT" finished-at="2020-06-24T01:03:31 CDT">
      <class name="test.TestNGTest">
        <test-method status="PASS" signature="startEverything()[pri:0, instance:test.TestNGTest@4afcd809]" name="startEverything" is-config="true" duration-ms="5668" started-at="2020-06-24T01:02:43 CDT" finished-at="2020-06-24T01:02:49 CDT">
          <reporter-output>
          </reporter-output>
        </test-method> <!-- startEverything -->
        <test-method status="PASS" signature="userShouldBeAbleToAddCategory()[pri:1, instance:test.TestNGTest@4afcd809]" name="userShouldBeAbleToAddCategory" duration-ms="8803" started-at="2020-06-24T01:02:49 CDT" finished-at="2020-06-24T01:02:58 CDT">
          <reporter-output>
          </reporter-output>
        </test-method> <!-- userShouldBeAbleToAddCategory -->
        <test-method status="PASS" signature="closeEverything()[pri:0, instance:test.TestNGTest@4afcd809]" name="closeEverything" is-config="true" duration-ms="1834" started-at="2020-06-24T01:02:58 CDT" finished-at="2020-06-24T01:03:00 CDT">
          <reporter-output>
          </reporter-output>
        </test-method> <!-- closeEverything -->
        <test-method status="PASS" signature="startEverything()[pri:0, instance:test.TestNGTest@4afcd809]" name="startEverything" is-config="true" duration-ms="3777" started-at="2020-06-24T01:03:00 CDT" finished-at="2020-06-24T01:03:03 CDT">
          <reporter-output>
          </reporter-output>
        </test-method> <!-- startEverything -->
        <test-method status="PASS" signature="userShouldNotBeAbleToAddDuplicateCategory()[pri:2, instance:test.TestNGTest@4afcd809]" name="userShouldNotBeAbleToAddDuplicateCategory" duration-ms="16778" started-at="2020-06-24T01:03:03 CDT" finished-at="2020-06-24T01:03:20 CDT">
          <reporter-output>
          </reporter-output>
        </test-method> <!-- userShouldNotBeAbleToAddDuplicateCategory -->
        <test-method status="PASS" signature="closeEverything()[pri:0, instance:test.TestNGTest@4afcd809]" name="closeEverything" is-config="true" duration-ms="704" started-at="2020-06-24T01:03:20 CDT" finished-at="2020-06-24T01:03:21 CDT">
          <reporter-output>
          </reporter-output>
        </test-method> <!-- closeEverything -->
        <test-method status="PASS" signature="startEverything()[pri:0, instance:test.TestNGTest@4afcd809]" name="startEverything" is-config="true" duration-ms="3751" started-at="2020-06-24T01:03:21 CDT" finished-at="2020-06-24T01:03:25 CDT">
          <reporter-output>
          </reporter-output>
        </test-method> <!-- startEverything -->
        <test-method status="PASS" signature="dropdownShouldHaveAllMonths()[pri:3, instance:test.TestNGTest@4afcd809]" name="dropdownShouldHaveAllMonths" duration-ms="5422" started-at="2020-06-24T01:03:25 CDT" finished-at="2020-06-24T01:03:30 CDT">
          <reporter-output>
          </reporter-output>
        </test-method> <!-- dropdownShouldHaveAllMonths -->
        <test-method status="PASS" signature="closeEverything()[pri:0, instance:test.TestNGTest@4afcd809]" name="closeEverything" is-config="true" duration-ms="691" started-at="2020-06-24T01:03:30 CDT" finished-at="2020-06-24T01:03:31 CDT">
          <reporter-output>
          </reporter-output>
        </test-method> <!-- closeEverything -->
      </class> <!-- test.TestNGTest -->
    </test> <!-- Default test -->
  </suite> <!-- Default suite -->
</testng-results>
