<?xml version="1.0" encoding="UTF-8"?>
<!-- Generated by org.testng.reporters.JUnitXMLReporter -->
<testsuite hostname="DESKTOP-5R4V9FI" ignored="0" name="Default test" tests="3" failures="0" timestamp="2020-06-24T01:03:31 CDT" time="47.495" errors="0">
  <testcase name="userShouldBeAbleToAddCategory" time="8.803" classname="test.TestNGTest"/>
  <testcase name="userShouldNotBeAbleToAddDuplicateCategory" time="16.778" classname="test.TestNGTest"/>
  <testcase name="dropdownShouldHaveAllMonths" time="5.422" classname="test.TestNGTest"/>
</testsuite> <!-- Default test -->
